<?xml version="1.0" encoding="UTF-8"?>
<!-- Generated by org.testng.reporters.JUnitXMLReporter -->
<testsuite ignored="0" hostname="LTIN513868" failures="0" tests="3" name="Default test" time="101.556" errors="0" timestamp="2024-02-14T09:57:06 IST">
  <testcase classname="com.cognizant.test.TestCases" name="Test1" time="30.332"/>
  <testcase classname="com.cognizant.test.TestCases" name="Test2" time="0.818"/>
  <testcase classname="com.cognizant.test.TestCases" name="Test3" time="54.296"/>
</testsuite> <!-- Default test -->
