<?xml version="1.0" encoding="UTF-8"?>
<!-- Generated by org.testng.reporters.JUnitXMLReporter -->
<testsuite ignored="0" hostname="LTIN513868" failures="0" tests="3" name="Default test" time="145.116" errors="0" timestamp="2024-02-10T15:46:43 IST">
  <testcase classname="com.cognizant.test.TestCases" name="Test1" time="0.963"/>
  <testcase classname="com.cognizant.test.TestCases" name="Test2" time="2.67"/>
  <testcase classname="com.cognizant.test.TestCases" name="Test3" time="113.919"/>
</testsuite> <!-- Default test -->
