<?xml version="1.0" encoding="UTF-8"?>
<!-- Generated by org.testng.reporters.JUnitXMLReporter -->
<testsuite ignored="0" hostname="LAPTOP-EOGQ976U" failures="0" tests="3" name="Test" time="145.399" errors="0" timestamp="2023-07-11T23:22:25 IST">
  <testcase classname="com.cognizant.test.TestCases" name="Test1" time="49.749"/>
  <testcase classname="com.cognizant.test.TestCases" name="Test2" time="1.686"/>
  <testcase classname="com.cognizant.test.TestCases" name="Test3" time="77.288"/>
</testsuite> <!-- Test -->
