<?xml version="1.0" encoding="UTF-8"?>
<testng-results ignored="0" total="3" passed="3" failed="0" skipped="0">
  <reporter-output>
  </reporter-output>
  <suite started-at="2024-02-10T15:44:18 IST" name="Default suite" finished-at="2024-02-10T15:46:43 IST" duration-ms="145116">
    <groups>
    </groups>
    <test started-at="2024-02-10T15:44:18 IST" name="Default test" finished-at="2024-02-10T15:46:43 IST" duration-ms="145116">
      <class name="com.cognizant.test.TestCases">
        <test-method is-config="true" signature="Driversetup()[pri:0, instance:com.cognizant.test.TestCases@47e2e487]" started-at="2024-02-10T15:44:18 IST" name="Driversetup" finished-at="2024-02-10T15:44:44 IST" duration-ms="25686" status="PASS">
          <reporter-output>
          </reporter-output>
        </test-method> <!-- Driversetup -->
        <test-method signature="Test1()[pri:0, instance:com.cognizant.test.TestCases@47e2e487]" started-at="2024-02-10T15:44:44 IST" name="Test1" finished-at="2024-02-10T15:44:45 IST" duration-ms="963" status="PASS">
          <reporter-output>
          </reporter-output>
        </test-method> <!-- Test1 -->
        <test-method signature="Test2()[pri:0, instance:com.cognizant.test.TestCases@47e2e487]" started-at="2024-02-10T15:44:45 IST" name="Test2" finished-at="2024-02-10T15:44:47 IST" duration-ms="2670" status="PASS">
          <reporter-output>
          </reporter-output>
        </test-method> <!-- Test2 -->
        <test-method signature="Test3()[pri:0, instance:com.cognizant.test.TestCases@47e2e487]" started-at="2024-02-10T15:44:47 IST" name="Test3" finished-at="2024-02-10T15:46:41 IST" duration-ms="113919" status="PASS">
          <reporter-output>
          </reporter-output>
        </test-method> <!-- Test3 -->
        <test-method is-config="true" signature="Test4()[pri:0, instance:com.cognizant.test.TestCases@47e2e487]" started-at="2024-02-10T15:46:41 IST" name="Test4" finished-at="2024-02-10T15:46:43 IST" duration-ms="1811" status="PASS">
          <reporter-output>
          </reporter-output>
        </test-method> <!-- Test4 -->
      </class> <!-- com.cognizant.test.TestCases -->
    </test> <!-- Default test -->
  </suite> <!-- Default suite -->
</testng-results>
